Build started 26.01.2012 14:12:51.
     1>Project "C:\Users\Surendar\Desktop\Software Engineering\alpha\Prometheus\Prometheus\Prometheus.vcxproj" on node 2 (build target(s)).
     1>InitializeBuildStatus:
         Creating "Debug\Prometheus.unsuccessfulbuild" because "AlwaysCreate" was specified.
       GenerateTargetFrameworkMonikerAttribute:
       Skipping target "GenerateTargetFrameworkMonikerAttribute" because all output files are up-to-date with respect to the input files.
       ClCompile:
         All outputs are up-to-date.
         C:\Program Files (x86)\Microsoft Visual Studio 10.0\VC\bin\CL.exe /c /AI"C:\Program Files (x86)\Reference Assemblies\Microsoft\Framework\.NETFramework\v4.0" /Zi /clr:pure /nologo /W3 /WX- /Od /Oy- /D WIN32 /D _DEBUG /D _UNICODE /D UNICODE /EHa /MDd /GS /fp:precise /Zc:wchar_t /Zc:forScope /Yu"StdAfx.h" /Fp"Debug\Prometheus.pch" /Fo"Debug\\" /Fd"Debug\vc100.pdb" /TP /FU"C:\Program Files (x86)\Reference Assemblies\Microsoft\Framework\.NETFramework\v4.0\System.Core.dll" /FU"C:\Program Files (x86)\Reference Assemblies\Microsoft\Framework\.NETFramework\v4.0\System.Data.dll" /FU"C:\Program Files (x86)\Reference Assemblies\Microsoft\Framework\.NETFramework\v4.0\System.dll" /FU"C:\Program Files (x86)\Reference Assemblies\Microsoft\Framework\.NETFramework\v4.0\System.Drawing.dll" /FU"C:\Program Files (x86)\Reference Assemblies\Microsoft\Framework\.NETFramework\v4.0\System.Windows.Forms.dll" /FU"C:\Program Files (x86)\Reference Assemblies\Microsoft\Framework\.NETFramework\v4.0\System.Xml.dll" /analyze- /errorReport:prompt Prometheus.cpp /clr:nostdlib 
         Prometheus.cpp
         All outputs are up-to-date.
       CoreResGen:
         "C:\Program Files (x86)\Microsoft SDKs\Windows\v7.0A\bin\NETFX 4.0 Tools\resgen.exe" /useSourcePath /r:"C:\Program Files (x86)\Reference Assemblies\Microsoft\Framework\.NETFramework\v4.0\System.Core.dll" /r:"C:\Program Files (x86)\Reference Assemblies\Microsoft\Framework\.NETFramework\v4.0\System.Data.dll" /r:"C:\Program Files (x86)\Reference Assemblies\Microsoft\Framework\.NETFramework\v4.0\System.dll" /r:"C:\Program Files (x86)\Reference Assemblies\Microsoft\Framework\.NETFramework\v4.0\System.Drawing.dll" /r:"C:\Program Files (x86)\Reference Assemblies\Microsoft\Framework\.NETFramework\v4.0\System.Windows.Forms.dll" /r:"C:\Program Files (x86)\Reference Assemblies\Microsoft\Framework\.NETFramework\v4.0\System.Xml.dll" /compile Form1.resX,Debug\Prometheus.Form1.resources
         Processing resource file "Form1.resX" into "Debug\Prometheus.Form1.resources".
       ResourceCompile:
         All outputs are up-to-date.
       Link:
         C:\Program Files (x86)\Microsoft Visual Studio 10.0\VC\bin\link.exe /ERRORREPORT:PROMPT /OUT:"C:\Users\Surendar\Desktop\Software Engineering\alpha\Prometheus\Debug\Prometheus.exe" /INCREMENTAL /NOLOGO /ASSEMBLYRESOURCE:Debug\Prometheus.About.resources /ASSEMBLYRESOURCE:Debug\Prometheus.Comp.resources /ASSEMBLYRESOURCE:Debug\Prometheus.Form1.resources /ASSEMBLYRESOURCE:Debug\Prometheus.Form2.resources /ASSEMBLYRESOURCE:Debug\Prometheus.Form3.resources /ASSEMBLYRESOURCE:Debug\Prometheus.Form4.resources /ASSEMBLYRESOURCE:Debug\Prometheus.Form5.resources /MANIFEST /ManifestFile:"Debug\Prometheus.exe.intermediate.manifest" /MANIFESTUAC:"level='asInvoker' uiAccess='false'" /DEBUG /PDB:"C:\Users\Surendar\Desktop\Software Engineering\alpha\Prometheus\Debug\Prometheus.pdb" /ASSEMBLYDEBUG /SUBSYSTEM:WINDOWS /TLBID:1 /ENTRY:"main" /DYNAMICBASE /FIXED:NO /NXCOMPAT /MACHINE:X86 Debug\app.res
         Debug\About.obj
         Debug\AssemblyInfo.obj
         Debug\Prometheus.obj
         Debug\stdafx.obj
         Debug\test.obj
         "Debug\.NETFramework,Version=v4.0.AssemblyAttributes.obj"
         Prometheus.vcxproj -> C:\Users\Surendar\Desktop\Software Engineering\alpha\Prometheus\Debug\Prometheus.exe
       Manifest:
         C:\Program Files (x86)\Microsoft SDKs\Windows\v7.0A\bin\mt.exe /nologo /verbose /outputresource:"C:\Users\Surendar\Desktop\Software Engineering\alpha\Prometheus\Debug\Prometheus.exe;#1" /manifest Debug\Prometheus.exe.intermediate.manifest
       FinalizeBuildStatus:
         Deleting file "Debug\Prometheus.unsuccessfulbuild".
         Touching "Debug\Prometheus.lastbuildstate".
     1>Done Building Project "C:\Users\Surendar\Desktop\Software Engineering\alpha\Prometheus\Prometheus\Prometheus.vcxproj" (build target(s)).

Build succeeded.

Time Elapsed 00:00:03.50
